#
# A fatal error has been detected by the Java Runtime Environment:
#
#  EXCEPTION_ACCESS_VIOLATION (0xc0000005) at pc=0x000000005d871c50, pid=3524, tid=0x00000000000011ec
#
# JRE version: Java(TM) SE Runtime Environment (8.0_151-b12) (build 1.8.0_151-b12)
# Java VM: Java HotSpot(TM) 64-Bit Server VM (25.151-b12 mixed mode windows-amd64 compressed oops)
# Problematic frame:
# V  [jvm.dll+0x4a1c50]
#
# Failed to write core dump. Minidumps are not enabled by default on client versions of Windows
#
# If you would like to submit a bug report, please visit:
#   http://bugreport.java.com/bugreport/crash.jsp
#

---------------  T H R E A D  ---------------

Current thread (0x0000000018c94000):  JavaThread "C2 CompilerThread1" daemon [_thread_in_native, id=4588, stack(0x00000000198a0000,0x00000000199a0000)]

siginfo: ExceptionCode=0xc0000005, writing address 0x0000000000000000

Registers:
RAX=0x0000000000000000, RBX=0x0000000021288120, RCX=0x000000001999c1f0, RDX=0x0000000007200000
RSP=0x000000001999c158, RBP=0x0000000000000978, RSI=0x000000001999c510, RDI=0x0000000000000f9c
R8 =0x0000000001000000, R9 =0x0000000020d833c0, R10=0x000000005d3d0000, R11=0x00000000212ad740
R12=0x000000005dbedf90, R13=0x000000001aa028b0, R14=0x0000000000071730, R15=0x000000005d3d0000
RIP=0x000000005d871c50, EFLAGS=0x0000000000010246

Top of Stack: (sp=0x000000001999c158)
0x000000001999c158:   000000005d83a39f 000000001999c530
0x000000001999c168:   0000000021281f00 0000000000000978
0x000000001999c178:   000000001999c510 0000135e00000000
0x000000001999c188:   0000000000000008 000000001c7f35c0
0x000000001999c198:   0000000000000014 000000001b570b90
0x000000001999c1a8:   0000000000000014 000000002128e0c0
0x000000001999c1b8:   0000135e00000000 0000000000000008
0x000000001999c1c8:   000000001c7ef840 0000000000000014
0x000000001999c1d8:   000000001df9dec0 0000000000000014
0x000000001999c1e8:   000000002124aaa0 00000fa100000000
0x000000001999c1f8:   0000000000000005 0000000020a01540
0x000000001999c208:   0000000000000010 00000000209e1000
0x000000001999c218:   0000000000000014 000000001999c530
0x000000001999c228:   000000005d835818 000000001c3142b0
0x000000001999c238:   000000001999c510 0000000000000978
0x000000001999c248:   000000002128e0c0 0000000000001035 

Instructions: (pc=0x000000005d871c50)
0x000000005d871c30:   bb 90 00 00 00 72 e9 48 8b 5c 24 40 48 83 c4 20
0x000000005d871c40:   5f c3 cc cc cc cc cc cc cc cc cc cc cc cc cc cc
0x000000005d871c50:   40 57 48 83 ec 20 48 63 51 08 48 8b f9 83 fa 08
0x000000005d871c60:   73 22 48 8b 41 10 48 8d 0c 90 66 0f 1f 44 00 00 


Register to memory mapping:

RAX=0x0000000000000000 is an unknown value
RBX=0x0000000021288120 is an unknown value
RCX=0x000000001999c1f0 is pointing into the stack for thread: 0x0000000018c94000
RDX=0x0000000007200000 is an unknown value
RSP=0x000000001999c158 is pointing into the stack for thread: 0x0000000018c94000
RBP=0x0000000000000978 is an unknown value
RSI=0x000000001999c510 is pointing into the stack for thread: 0x0000000018c94000
RDI=0x0000000000000f9c is an unknown value
R8 =0x0000000001000000 is an unknown value
R9 =0x0000000020d833c0 is an unknown value
R10=0x000000005d3d0000 is an unknown value
R11=0x00000000212ad740 is an unknown value
R12=0x000000005dbedf90 is an unknown value
R13=0x000000001aa028b0 is an unknown value
R14=0x0000000000071730 is an unknown value
R15=0x000000005d3d0000 is an unknown value


Stack: [0x00000000198a0000,0x00000000199a0000],  sp=0x000000001999c158,  free space=1008k
Native frames: (J=compiled Java code, j=interpreted, Vv=VM code, C=native code)
V  [jvm.dll+0x4a1c50]
V  [jvm.dll+0x46a39f]
V  [jvm.dll+0x46be68]
V  [jvm.dll+0x46c056]
V  [jvm.dll+0x469be4]
V  [jvm.dll+0x468ce4]
V  [jvm.dll+0x4740fb]
V  [jvm.dll+0x476a07]
V  [jvm.dll+0x459422]
V  [jvm.dll+0xa5be2]
V  [jvm.dll+0xa651f]
V  [jvm.dll+0x244adf]
V  [jvm.dll+0x29c3ea]
C  [msvcr100.dll+0x21d9f]
C  [msvcr100.dll+0x21e3b]
C  [kernel32.dll+0x1652d]
C  [ntdll.dll+0x2c541]


Current CompileTask:
C2:  32174 5669   !   4       org.springframework.core.annotation.AnnotationUtils::findAnnotation (171 bytes)


---------------  P R O C E S S  ---------------

Java Threads: ( => current thread )
  0x000000001cc69000 JavaThread "HikariPool-1 housekeeper" daemon [_thread_blocked, id=5212, stack(0x0000000020280000,0x0000000020380000)]
  0x000000001cc68800 JavaThread "Abandoned connection cleanup thread" daemon [_thread_blocked, id=7300, stack(0x000000001daa0000,0x000000001dba0000)]
  0x0000000018d38800 JavaThread "Service Thread" daemon [_thread_blocked, id=7800, stack(0x0000000019bd0000,0x0000000019cd0000)]
  0x0000000018cef000 JavaThread "C1 CompilerThread2" daemon [_thread_in_vm, id=5216, stack(0x00000000190a0000,0x00000000191a0000)]
=>0x0000000018c94000 JavaThread "C2 CompilerThread1" daemon [_thread_in_native, id=4588, stack(0x00000000198a0000,0x00000000199a0000)]
  0x0000000018c93800 JavaThread "C2 CompilerThread0" daemon [_thread_in_native, id=3700, stack(0x0000000019750000,0x0000000019850000)]
  0x0000000018c99800 JavaThread "Monitor Ctrl-Break" daemon [_thread_in_native, id=6052, stack(0x00000000195b0000,0x00000000196b0000)]
  0x0000000018c6a800 JavaThread "Attach Listener" daemon [_thread_blocked, id=6256, stack(0x00000000193c0000,0x00000000194c0000)]
  0x0000000018c68800 JavaThread "Signal Dispatcher" daemon [_thread_blocked, id=8432, stack(0x00000000191e0000,0x00000000192e0000)]
  0x0000000017691800 JavaThread "Finalizer" daemon [_thread_blocked, id=9204, stack(0x0000000018b60000,0x0000000018c60000)]
  0x000000001764a800 JavaThread "Reference Handler" daemon [_thread_blocked, id=7036, stack(0x0000000018980000,0x0000000018a80000)]
  0x000000000206b000 JavaThread "main" [_thread_in_Java, id=6232, stack(0x00000000022b0000,0x00000000023b0000)]

Other Threads:
  0x0000000017643000 VMThread [stack: 0x00000000187d0000,0x00000000188d0000] [id=6808]
  0x0000000018d97000 WatcherThread [stack: 0x0000000019d60000,0x0000000019e60000] [id=3224]

VM state:not at safepoint (normal execution)

VM Mutex/Monitor currently owned by a thread: None

Heap:
 PSYoungGen      total 244736K, used 153542K [0x00000000d5d00000, 0x00000000eb580000, 0x0000000100000000)
  eden space 232448K, 60% used [0x00000000d5d00000,0x00000000de6f3f40,0x00000000e4000000)
  from space 12288K, 99% used [0x00000000e4000000,0x00000000e4bfdb10,0x00000000e4c00000)
  to   space 15872K, 0% used [0x00000000ea600000,0x00000000ea600000,0x00000000eb580000)
 ParOldGen       total 69120K, used 21884K [0x0000000081600000, 0x0000000085980000, 0x00000000d5d00000)
  object space 69120K, 31% used [0x0000000081600000,0x0000000082b5f148,0x0000000085980000)
 Metaspace       used 53663K, capacity 55558K, committed 55728K, reserved 1097728K
  class space    used 7437K, capacity 7796K, committed 7856K, reserved 1048576K

Card table byte_map: [0x0000000011bf0000,0x0000000011ff0000] byte_map_base: 0x00000000117e5000

Marking Bits: (ParMarkBitMap*) 0x000000005dbed850
 Begin Bits: [0x0000000012960000, 0x0000000014908000)
 End Bits:   [0x0000000014908000, 0x00000000168b0000)

Polling page: 0x0000000000350000

CodeCache: size=245760Kb used=18258Kb max_used=18258Kb free=227501Kb
 bounds [0x0000000002830000, 0x0000000003a20000, 0x0000000011830000]
 total_blobs=5993 nmethods=5475 adapters=429
 compilation: enabled

Compilation events (10 events):
Event: 31.907 Thread 0x0000000018cef000 5704       3       sun.reflect.generics.factory.CoreReflectionFactory::make (10 bytes)
Event: 31.907 Thread 0x0000000018cef000 nmethod 5704 0x0000000003996250 code [0x00000000039963c0, 0x0000000003996630]
Event: 31.907 Thread 0x0000000018cef000 5705       3       sun.reflect.generics.factory.CoreReflectionFactory::<init> (15 bytes)
Event: 31.907 Thread 0x0000000018cef000 nmethod 5705 0x0000000003995e90 code [0x0000000003995fe0, 0x00000000039961b0]
Event: 31.908 Thread 0x0000000018cef000 5706       3       org.springframework.core.ResolvableType::forMethodParameter (26 bytes)
Event: 31.909 Thread 0x0000000018cef000 nmethod 5706 0x0000000003995510 code [0x00000000039956c0, 0x0000000003995c08]
Event: 31.970 Thread 0x0000000018cef000 5709       3       java.util.SubList$1::hasNext (20 bytes)
Event: 31.970 Thread 0x0000000018cef000 nmethod 5709 0x0000000003994f50 code [0x00000000039950c0, 0x00000000039953e8]
Event: 31.970 Thread 0x0000000018cef000 5710       3       java.util.SubList$1::nextIndex (18 bytes)
Event: 31.970 Thread 0x0000000018cef000 nmethod 5710 0x0000000003994a90 code [0x0000000003994c00, 0x0000000003994e48]

GC Heap History (10 events):
Event: 4.569 GC heap before
{Heap before GC invocations=7 (full 1):
 PSYoungGen      total 71680K, used 66560K [0x00000000d5d00000, 0x00000000df000000, 0x0000000100000000)
  eden space 66560K, 100% used [0x00000000d5d00000,0x00000000d9e00000,0x00000000d9e00000)
  from space 5120K, 0% used [0x00000000d9e00000,0x00000000d9e00000,0x00000000da300000)
  to   space 8704K, 0% used [0x00000000de780000,0x00000000de780000,0x00000000df000000)
 ParOldGen       total 48640K, used 8911K [0x0000000081600000, 0x0000000084580000, 0x00000000d5d00000)
  object space 48640K, 18% used [0x0000000081600000,0x0000000081eb3ef0,0x0000000084580000)
 Metaspace       used 25004K, capacity 25694K, committed 26032K, reserved 1071104K
  class space    used 3195K, capacity 3378K, committed 3504K, reserved 1048576K
Event: 4.594 GC heap after
Heap after GC invocations=7 (full 1):
 PSYoungGen      total 131584K, used 6056K [0x00000000d5d00000, 0x00000000ded80000, 0x0000000100000000)
  eden space 125440K, 0% used [0x00000000d5d00000,0x00000000d5d00000,0x00000000dd780000)
  from space 6144K, 98% used [0x00000000de780000,0x00000000ded6a1f0,0x00000000ded80000)
  to   space 8704K, 0% used [0x00000000ddc80000,0x00000000ddc80000,0x00000000de500000)
 ParOldGen       total 48640K, used 8919K [0x0000000081600000, 0x0000000084580000, 0x00000000d5d00000)
  object space 48640K, 18% used [0x0000000081600000,0x0000000081eb5ef0,0x0000000084580000)
 Metaspace       used 25004K, capacity 25694K, committed 26032K, reserved 1071104K
  class space    used 3195K, capacity 3378K, committed 3504K, reserved 1048576K
}
Event: 5.707 GC heap before
{Heap before GC invocations=8 (full 1):
 PSYoungGen      total 131584K, used 131496K [0x00000000d5d00000, 0x00000000ded80000, 0x0000000100000000)
  eden space 125440K, 100% used [0x00000000d5d00000,0x00000000dd780000,0x00000000dd780000)
  from space 6144K, 98% used [0x00000000de780000,0x00000000ded6a1f0,0x00000000ded80000)
  to   space 8704K, 0% used [0x00000000ddc80000,0x00000000ddc80000,0x00000000de500000)
 ParOldGen       total 48640K, used 8919K [0x0000000081600000, 0x0000000084580000, 0x00000000d5d00000)
  object space 48640K, 18% used [0x0000000081600000,0x0000000081eb5ef0,0x0000000084580000)
 Metaspace       used 29476K, capacity 30456K, committed 30512K, reserved 1075200K
  class space    used 3897K, capacity 4131K, committed 4144K, reserved 1048576K
Event: 5.750 GC heap after
Heap after GC invocations=8 (full 1):
 PSYoungGen      total 139264K, used 8684K [0x00000000d5d00000, 0x00000000e5600000, 0x0000000100000000)
  eden space 130560K, 0% used [0x00000000d5d00000,0x00000000d5d00000,0x00000000ddc80000)
  from space 8704K, 99% used [0x00000000ddc80000,0x00000000de4fb048,0x00000000de500000)
  to   space 10240K, 0% used [0x00000000e4c00000,0x00000000e4c00000,0x00000000e5600000)
 ParOldGen       total 48640K, used 9677K [0x0000000081600000, 0x0000000084580000, 0x00000000d5d00000)
  object space 48640K, 19% used [0x0000000081600000,0x0000000081f737a0,0x0000000084580000)
 Metaspace       used 29476K, capacity 30456K, committed 30512K, reserved 1075200K
  class space    used 3897K, capacity 4131K, committed 4144K, reserved 1048576K
}
Event: 7.144 GC heap before
{Heap before GC invocations=9 (full 1):
 PSYoungGen      total 139264K, used 132916K [0x00000000d5d00000, 0x00000000e5600000, 0x0000000100000000)
  eden space 130560K, 95% used [0x00000000d5d00000,0x00000000dd652250,0x00000000ddc80000)
  from space 8704K, 99% used [0x00000000ddc80000,0x00000000de4fb048,0x00000000de500000)
  to   space 10240K, 0% used [0x00000000e4c00000,0x00000000e4c00000,0x00000000e5600000)
 ParOldGen       total 48640K, used 9677K [0x0000000081600000, 0x0000000084580000, 0x00000000d5d00000)
  object space 48640K, 19% used [0x0000000081600000,0x0000000081f737a0,0x0000000084580000)
 Metaspace       used 34180K, capacity 35392K, committed 35496K, reserved 1079296K
  class space    used 4559K, capacity 4831K, committed 4912K, reserved 1048576K
Event: 7.170 GC heap after
Heap after GC invocations=9 (full 1):
 PSYoungGen      total 242688K, used 10226K [0x00000000d5d00000, 0x00000000e6000000, 0x0000000100000000)
  eden space 232448K, 0% used [0x00000000d5d00000,0x00000000d5d00000,0x00000000e4000000)
  from space 10240K, 99% used [0x00000000e4c00000,0x00000000e55fc848,0x00000000e5600000)
  to   space 12288K, 0% used [0x00000000e4000000,0x00000000e4000000,0x00000000e4c00000)
 ParOldGen       total 48640K, used 11909K [0x0000000081600000, 0x0000000084580000, 0x00000000d5d00000)
  object space 48640K, 24% used [0x0000000081600000,0x00000000821a1518,0x0000000084580000)
 Metaspace       used 34180K, capacity 35392K, committed 35496K, reserved 1079296K
  class space    used 4559K, capacity 4831K, committed 4912K, reserved 1048576K
}
Event: 7.170 GC heap before
{Heap before GC invocations=10 (full 2):
 PSYoungGen      total 242688K, used 10226K [0x00000000d5d00000, 0x00000000e6000000, 0x0000000100000000)
  eden space 232448K, 0% used [0x00000000d5d00000,0x00000000d5d00000,0x00000000e4000000)
  from space 10240K, 99% used [0x00000000e4c00000,0x00000000e55fc848,0x00000000e5600000)
  to   space 12288K, 0% used [0x00000000e4000000,0x00000000e4000000,0x00000000e4c00000)
 ParOldGen       total 48640K, used 11909K [0x0000000081600000, 0x0000000084580000, 0x00000000d5d00000)
  object space 48640K, 24% used [0x0000000081600000,0x00000000821a1518,0x0000000084580000)
 Metaspace       used 34180K, capacity 35392K, committed 35496K, reserved 1079296K
  class space    used 4559K, capacity 4831K, committed 4912K, reserved 1048576K
Event: 7.305 GC heap after
Heap after GC invocations=10 (full 2):
 PSYoungGen      total 242688K, used 0K [0x00000000d5d00000, 0x00000000e6000000, 0x0000000100000000)
  eden space 232448K, 0% used [0x00000000d5d00000,0x00000000d5d00000,0x00000000e4000000)
  from space 10240K, 0% used [0x00000000e4c00000,0x00000000e4c00000,0x00000000e5600000)
  to   space 12288K, 0% used [0x00000000e4000000,0x00000000e4000000,0x00000000e4c00000)
 ParOldGen       total 69120K, used 17192K [0x0000000081600000, 0x0000000085980000, 0x00000000d5d00000)
  object space 69120K, 24% used [0x0000000081600000,0x00000000826ca280,0x0000000085980000)
 Metaspace       used 34180K, capacity 35392K, committed 35496K, reserved 1079296K
  class space    used 4559K, capacity 4831K, committed 4912K, reserved 1048576K
}
Event: 9.430 GC heap before
{Heap before GC invocations=11 (full 2):
 PSYoungGen      total 242688K, used 232448K [0x00000000d5d00000, 0x00000000e6000000, 0x0000000100000000)
  eden space 232448K, 100% used [0x00000000d5d00000,0x00000000e4000000,0x00000000e4000000)
  from space 10240K, 0% used [0x00000000e4c00000,0x00000000e4c00000,0x00000000e5600000)
  to   space 12288K, 0% used [0x00000000e4000000,0x00000000e4000000,0x00000000e4c00000)
 ParOldGen       total 69120K, used 17192K [0x0000000081600000, 0x0000000085980000, 0x00000000d5d00000)
  object space 69120K, 24% used [0x0000000081600000,0x00000000826ca280,0x0000000085980000)
 Metaspace       used 48981K, capacity 50450K, committed 50736K, reserved 1093632K
  class space    used 6803K, capacity 7090K, committed 7216K, reserved 1048576K
Event: 9.448 GC heap after
Heap after GC invocations=11 (full 2):
 PSYoungGen      total 244736K, used 12278K [0x00000000d5d00000, 0x00000000eb580000, 0x0000000100000000)
  eden space 232448K, 0% used [0x00000000d5d00000,0x00000000d5d00000,0x00000000e4000000)
  from space 12288K, 99% used [0x00000000e4000000,0x00000000e4bfdb10,0x00000000e4c00000)
  to   space 15872K, 0% used [0x00000000ea600000,0x00000000ea600000,0x00000000eb580000)
 ParOldGen       total 69120K, used 21884K [0x0000000081600000, 0x0000000085980000, 0x00000000d5d00000)
  object space 69120K, 31% used [0x0000000081600000,0x0000000082b5f148,0x0000000085980000)
 Metaspace       used 48981K, capacity 50450K, committed 50736K, reserved 1093632K
  class space    used 6803K, capacity 7090K, committed 7216K, reserved 1048576K
}

Deoptimization events (10 events):
Event: 31.576 Thread 0x000000000206b000 Uncommon trap: reason=class_check action=maybe_recompile pc=0x000000000333f578 method=org.springframework.beans.factory.support.AbstractBeanFactory.isTypeMatch(Ljava/lang/String;Lorg/springframework/core/ResolvableType;)Z @ 47
Event: 31.578 Thread 0x000000000206b000 Uncommon trap: reason=class_check action=maybe_recompile pc=0x000000000333f578 method=org.springframework.beans.factory.support.AbstractBeanFactory.isTypeMatch(Ljava/lang/String;Lorg/springframework/core/ResolvableType;)Z @ 47
Event: 31.588 Thread 0x000000000206b000 Uncommon trap: reason=class_check action=maybe_recompile pc=0x000000000333f578 method=org.springframework.beans.factory.support.AbstractBeanFactory.isTypeMatch(Ljava/lang/String;Lorg/springframework/core/ResolvableType;)Z @ 47
Event: 31.589 Thread 0x000000000206b000 Uncommon trap: reason=class_check action=maybe_recompile pc=0x000000000333f578 method=org.springframework.beans.factory.support.AbstractBeanFactory.isTypeMatch(Ljava/lang/String;Lorg/springframework/core/ResolvableType;)Z @ 47
Event: 31.672 Thread 0x000000000206b000 Uncommon trap: reason=unstable_if action=reinterpret pc=0x00000000034a1068 method=org.springframework.boot.context.properties.source.ConfigurationPropertyName.elementEquals(Lorg/springframework/boot/context/properties/source/ConfigurationPropertyName$Elem
Event: 31.882 Thread 0x000000000206b000 Uncommon trap: reason=unstable_if action=reinterpret pc=0x00000000037de2d4 method=java.util.HashMap.putMapEntries(Ljava/util/Map;Z)V @ 53
Event: 31.969 Thread 0x000000000206b000 Uncommon trap: reason=class_check action=maybe_recompile pc=0x00000000037c7e20 method=java.util.AbstractList.rangeCheckForAdd(I)V @ 6
Event: 31.970 Thread 0x000000000206b000 Uncommon trap: reason=class_check action=maybe_recompile pc=0x00000000037c7e20 method=java.util.AbstractList.rangeCheckForAdd(I)V @ 6
Event: 31.974 Thread 0x000000000206b000 Uncommon trap: reason=class_check action=maybe_recompile pc=0x00000000037c7e20 method=java.util.AbstractList.rangeCheckForAdd(I)V @ 6
Event: 31.974 Thread 0x000000000206b000 Uncommon trap: reason=class_check action=maybe_recompile pc=0x00000000037c7e20 method=java.util.AbstractList.rangeCheckForAdd(I)V @ 6

Internal exceptions (10 events):
Event: 31.869 Thread 0x000000000206b000 Exception <a 'java/lang/ClassNotFoundException': org/springframework/context/ApplicationContextAwareCustomizer> (0x00000000dcacc220) thrown at [C:\re\workspace\8-2-build-windows-amd64-cygwin\jdk8u151\9699\hotspot\src\share\vm\classfile\systemDictionary.cp
Event: 31.870 Thread 0x000000000206b000 Exception <a 'java/lang/ClassNotFoundException': org/springframework/beans/factory/AwareCustomizer> (0x00000000dcaed570) thrown at [C:\re\workspace\8-2-build-windows-amd64-cygwin\jdk8u151\9699\hotspot\src\share\vm\classfile\systemDictionary.cpp, line 210]
Event: 31.871 Thread 0x000000000206b000 Exception <a 'java/lang/ClassNotFoundException': org/springframework/beans/factory/FactoryBeanCustomizer> (0x00000000dcb0ff80) thrown at [C:\re\workspace\8-2-build-windows-amd64-cygwin\jdk8u151\9699\hotspot\src\share\vm\classfile\systemDictionary.cpp, lin
Event: 31.872 Thread 0x000000000206b000 Exception <a 'java/lang/ClassNotFoundException': org/springframework/beans/factory/BeanClassLoaderAwareCustomizer> (0x00000000dcb39c70) thrown at [C:\re\workspace\8-2-build-windows-amd64-cygwin\jdk8u151\9699\hotspot\src\share\vm\classfile\systemDictionary
Event: 31.872 Thread 0x000000000206b000 Exception <a 'java/lang/ClassNotFoundException': org/springframework/beans/factory/AwareCustomizer> (0x00000000dcb5aa78) thrown at [C:\re\workspace\8-2-build-windows-amd64-cygwin\jdk8u151\9699\hotspot\src\share\vm\classfile\systemDictionary.cpp, line 210]
Event: 31.873 Thread 0x000000000206b000 Exception <a 'java/lang/ClassNotFoundException': org/springframework/beans/factory/BeanFactoryAwareCustomizer> (0x00000000dcb7f7c0) thrown at [C:\re\workspace\8-2-build-windows-amd64-cygwin\jdk8u151\9699\hotspot\src\share\vm\classfile\systemDictionary.cpp
Event: 31.873 Thread 0x000000000206b000 Exception <a 'java/lang/ClassNotFoundException': org/springframework/beans/factory/AwareCustomizer> (0x00000000dcba0bd0) thrown at [C:\re\workspace\8-2-build-windows-amd64-cygwin\jdk8u151\9699\hotspot\src\share\vm\classfile\systemDictionary.cpp, line 210]
Event: 31.874 Thread 0x000000000206b000 Exception <a 'java/lang/ClassNotFoundException': org/springframework/beans/factory/InitializingBeanCustomizer> (0x00000000dcbc5910) thrown at [C:\re\workspace\8-2-build-windows-amd64-cygwin\jdk8u151\9699\hotspot\src\share\vm\classfile\systemDictionary.cpp
Event: 31.874 Thread 0x000000000206b000 Exception <a 'java/lang/ClassNotFoundException': org/springframework/beans/factory/DisposableBeanCustomizer> (0x00000000dcbe93e0) thrown at [C:\re\workspace\8-2-build-windows-amd64-cygwin\jdk8u151\9699\hotspot\src\share\vm\classfile\systemDictionary.cpp, 
Event: 31.884 Thread 0x000000000206b000 Exception <a 'java/lang/NoSuchMethodError': java.lang.Object.lambda$static$0(Ljava/lang/Object;)Lorg/springframework/expression/EvaluationContext;> (0x00000000dccaea28) thrown at [C:\re\workspace\8-2-build-windows-amd64-cygwin\jdk8u151\9699\hotspot\src\sh

Events (10 events):
Event: 32.039 loading class org/hibernate/Session
Event: 32.039 loading class org/hibernate/Session done
Event: 32.039 loading class org/hibernate/Session
Event: 32.039 loading class org/hibernate/Session done
Event: 32.039 loading class org/springframework/orm/jpa/ExtendedEntityManagerCreator
Event: 32.039 loading class org/springframework/orm/jpa/ExtendedEntityManagerCreator done
Event: 32.040 loading class org/springframework/orm/jpa/ExtendedEntityManagerCreator$ExtendedEntityManagerInvocationHandler
Event: 32.040 loading class org/springframework/orm/jpa/ExtendedEntityManagerCreator$ExtendedEntityManagerInvocationHandler done
Event: 32.041 loading class org/hibernate/resource/transaction/backend/jta/internal/JtaTransactionCoordinatorImpl
Event: 32.041 loading class org/hibernate/resource/transaction/backend/jta/internal/JtaTransactionCoordinatorImpl done


Dynamic libraries:
0x000000013fd10000 - 0x000000013fd47000 	C:\Program Files\Java\jdk1.8.0_151\bin\java.exe
0x0000000077200000 - 0x00000000773a9000 	C:\Windows\SYSTEM32\ntdll.dll
0x000007fed9250000 - 0x000007fed9262000 	C:\Program Files\AVAST Software\Avast\aswhook.dll
0x00000000770e0000 - 0x00000000771ff000 	C:\Windows\system32\kernel32.dll
0x000007fefd390000 - 0x000007fefd3fb000 	C:\Windows\system32\KERNELBASE.dll
0x000007fefd7b0000 - 0x000007fefd88b000 	C:\Windows\system32\ADVAPI32.dll
0x000007fefd710000 - 0x000007fefd7af000 	C:\Windows\system32\msvcrt.dll
0x000007fefdf00000 - 0x000007fefdf1f000 	C:\Windows\SYSTEM32\sechost.dll
0x000007feff2b0000 - 0x000007feff3dd000 	C:\Windows\system32\RPCRT4.dll
0x0000000076fe0000 - 0x00000000770da000 	C:\Windows\system32\USER32.dll
0x000007feff4a0000 - 0x000007feff507000 	C:\Windows\system32\GDI32.dll
0x000007feff490000 - 0x000007feff49e000 	C:\Windows\system32\LPK.dll
0x000007fefd5c0000 - 0x000007fefd689000 	C:\Windows\system32\USP10.dll
0x000007fefbb10000 - 0x000007fefbd04000 	C:\Windows\WinSxS\amd64_microsoft.windows.common-controls_6595b64144ccf1df_6.0.7601.17514_none_fa396087175ac9ac\COMCTL32.dll
0x000007feff230000 - 0x000007feff2a1000 	C:\Windows\system32\SHLWAPI.dll
0x000007fefdb00000 - 0x000007fefdb2e000 	C:\Windows\system32\IMM32.DLL
0x000007fefef10000 - 0x000007feff019000 	C:\Windows\system32\MSCTF.dll
0x0000000061a60000 - 0x0000000061b32000 	C:\Program Files\Java\jdk1.8.0_151\jre\bin\msvcr100.dll
0x000000005d3d0000 - 0x000000005dc6d000 	C:\Program Files\Java\jdk1.8.0_151\jre\bin\server\jvm.dll
0x000007fef9950000 - 0x000007fef9959000 	C:\Windows\system32\WSOCK32.dll
0x000007feff3e0000 - 0x000007feff42d000 	C:\Windows\system32\WS2_32.dll
0x000007fefdaf0000 - 0x000007fefdaf8000 	C:\Windows\system32\NSI.dll
0x000007fefaf20000 - 0x000007fefaf5b000 	C:\Windows\system32\WINMM.dll
0x000007fefc2b0000 - 0x000007fefc2bc000 	C:\Windows\system32\VERSION.dll
0x00000000773d0000 - 0x00000000773d7000 	C:\Windows\system32\PSAPI.DLL
0x0000000074570000 - 0x000000007457f000 	C:\Program Files\Java\jdk1.8.0_151\jre\bin\verify.dll
0x0000000073ec0000 - 0x0000000073ee9000 	C:\Program Files\Java\jdk1.8.0_151\jre\bin\java.dll
0x000000006b530000 - 0x000000006b553000 	C:\Program Files\Java\jdk1.8.0_151\jre\bin\instrument.dll
0x0000000073ea0000 - 0x0000000073eb6000 	C:\Program Files\Java\jdk1.8.0_151\jre\bin\zip.dll
0x000007fefe180000 - 0x000007fefef08000 	C:\Windows\system32\SHELL32.dll
0x000007feff020000 - 0x000007feff223000 	C:\Windows\system32\ole32.dll
0x000007fefd150000 - 0x000007fefd15f000 	C:\Windows\system32\profapi.dll
0x000007fed1140000 - 0x000007fed115a000 	C:\Program Files\JetBrains\IntelliJ IDEA 2018.2.6\bin\breakgen64.dll
0x0000000073e50000 - 0x0000000073e6a000 	C:\Program Files\Java\jdk1.8.0_151\jre\bin\net.dll
0x000007fefc980000 - 0x000007fefc9d5000 	C:\Windows\system32\mswsock.dll
0x000007fefc970000 - 0x000007fefc977000 	C:\Windows\System32\wship6.dll
0x0000000073e30000 - 0x0000000073e41000 	C:\Program Files\Java\jdk1.8.0_151\jre\bin\nio.dll
0x0000000073dc0000 - 0x0000000073dcd000 	C:\Program Files\Java\jdk1.8.0_151\jre\bin\management.dll
0x000007fefb340000 - 0x000007fefb355000 	C:\Windows\system32\NLAapi.dll
0x000007fef62e0000 - 0x000007fef62f5000 	C:\Windows\system32\napinsp.dll
0x000007fef62c0000 - 0x000007fef62d9000 	C:\Windows\system32\pnrpnsp.dll
0x000007fefc800000 - 0x000007fefc85b000 	C:\Windows\system32\DNSAPI.dll
0x000007fef62b0000 - 0x000007fef62bb000 	C:\Windows\System32\winrnr.dll
0x000007fef62a0000 - 0x000007fef62b0000 	C:\Windows\system32\wshbth.dll
0x000007fefc380000 - 0x000007fefc387000 	C:\Windows\System32\wshtcpip.dll
0x000007fefa6a0000 - 0x000007fefa6c7000 	C:\Windows\system32\IPHLPAPI.DLL
0x000007fefa690000 - 0x000007fefa69b000 	C:\Windows\system32\WINNSI.DLL
0x000007fef6290000 - 0x000007fef6298000 	C:\Windows\system32\rasadhlp.dll
0x000007fefa510000 - 0x000007fefa563000 	C:\Windows\System32\fwpuclnt.dll
0x000007fefc9e0000 - 0x000007fefc9f8000 	C:\Windows\system32\CRYPTSP.dll
0x000007fefc6e0000 - 0x000007fefc727000 	C:\Windows\system32\rsaenh.dll
0x000007fefc4a0000 - 0x000007fefc4be000 	C:\Windows\system32\USERENV.dll
0x000007fefd040000 - 0x000007fefd04f000 	C:\Windows\system32\CRYPTBASE.dll
0x000007fefa490000 - 0x000007fefa4a1000 	C:\Windows\system32\dhcpcsvc6.DLL
0x000007fefa370000 - 0x000007fefa388000 	C:\Windows\system32\dhcpcsvc.DLL
0x000007fef9120000 - 0x000007fef9245000 	C:\Windows\system32\dbghelp.dll

VM Arguments:
jvm_args: -ea -Didea.test.cyclic.buffer.size=1048576 -javaagent:C:\Program Files\JetBrains\IntelliJ IDEA 2018.2.6\lib\idea_rt.jar=64492:C:\Program Files\JetBrains\IntelliJ IDEA 2018.2.6\bin -Dfile.encoding=UTF-8 
java_command: com.intellij.rt.execution.junit.JUnitStarter -ideVersion5 -junit4 com.example.goBookYourself.UserControllerTest,userProfileUnauthenticated
java_class_path (initial): C:\Program Files\JetBrains\IntelliJ IDEA 2018.2.6\lib\idea_rt.jar;C:\Program Files\JetBrains\IntelliJ IDEA 2018.2.6\plugins\junit\lib\junit-rt.jar;C:\Program Files\JetBrains\IntelliJ IDEA 2018.2.6\plugins\junit\lib\junit5-rt.jar;C:\Program Files\Java\jdk1.8.0_151\jre\lib\charsets.jar;C:\Program Files\Java\jdk1.8.0_151\jre\lib\deploy.jar;C:\Program Files\Java\jdk1.8.0_151\jre\lib\ext\access-bridge-64.jar;C:\Program Files\Java\jdk1.8.0_151\jre\lib\ext\cldrdata.jar;C:\Program Files\Java\jdk1.8.0_151\jre\lib\ext\dnsns.jar;C:\Program Files\Java\jdk1.8.0_151\jre\lib\ext\jaccess.jar;C:\Program Files\Java\jdk1.8.0_151\jre\lib\ext\jfxrt.jar;C:\Program Files\Java\jdk1.8.0_151\jre\lib\ext\localedata.jar;C:\Program Files\Java\jdk1.8.0_151\jre\lib\ext\nashorn.jar;C:\Program Files\Java\jdk1.8.0_151\jre\lib\ext\sunec.jar;C:\Program Files\Java\jdk1.8.0_151\jre\lib\ext\sunjce_provider.jar;C:\Program Files\Java\jdk1.8.0_151\jre\lib\ext\sunmscapi.jar;C:\Program Files\Java\jdk1.8.0_151\jre\lib\ext\sunpkcs11.jar;C:\Program Files\Java\jdk1.8.0_151\jre\lib\ext\zipfs.jar;C:\Program Files\Java\jdk1.8.0_151\jre\lib\javaws.jar;C:\Program Files\Java\jdk1.8.0_151\jre\lib\jce.jar;C:\Program Files\Java\jdk1.8.0_151\jre\lib\jfr.jar;C:\Program Files\Java\jdk1.8.0_151\jre\lib\jfxswt.jar;C:\Program Files\Java\jdk1.8.0_151\jre\lib\jsse.jar;C:\Program Files\Java\jdk1.8.0_151\jre\lib\management-agent.jar;C:\Program Files\Java\jdk1.8.0_151\jre\lib\plugin.jar;C:\Program Files\Java\jdk1.8.0_151\jre\lib\resources.jar;C:\Program Files\Java\jdk1.8.0_151\jre\lib\rt.jar;D:\ISA\ISA_Projekat\target\test-classes;D:\ISA\ISA_Projekat\target\classes;C:\Users\Svarli\.m2\repository\org\springframework\boot\spring-boot-starter-integration\2.1.0.RELEASE\spring-boot-starter-integration-2.1.0.RELEASE.jar;C:\Users\Svarli\.m2\repository\org\springframework\boot\spring-boot-starter-aop\2.1.0.RELEASE\spring-boot-starter-aop-2.1.0.RELEASE.jar;C:\Users\Svarli\.m2\repository\org\aspectj\aspectjweaver\
Launcher Type: SUN_STANDARD

Environment Variables:
PATH=C:\oraclexe\app\oracle\product\11.2.0\server\bin;;C:\ProgramData\Anaconda3;C:\ProgramData\Anaconda3\Library\mingw-w64\bin;C:\ProgramData\Anaconda3\Library\usr\bin;C:\ProgramData\Anaconda3\Library\bin;C:\ProgramData\Anaconda3\Scripts;C:\Program Files (x86)\NVIDIA Corporation\PhysX\Common;C:\oraclexe\app\oracle\product\11.2.0\server\bin;C:\ProgramData\Oracle\Java\javapath;C:\Windows\system32;C:\Windows;C:\Windows\System32\Wbem;C:\Windows\System32\WindowsPowerShell\v1.0\;C:\Program Files\MATLAB\R2016a\runtime\win64;C:\Program Files\MATLAB\R2016a\bin;C:\Program Files\MATLAB\R2016a\polyspace\bin;C:\Geckodriver;C:\Program Files (x86)\Windows Kits\8.1\Windows Performance Toolkit\;C:\Program Files\nodejs\;C:\Program Files (x86)\NVIDIA Corporation\PhysX\Common;C:\Program Files\Python36\Scripts\;C:\Program Files\Python36\;C:\oraclexe\app\oracle\product\11.2.0\server\bin;C:\ProgramData\Oracle\Java\javapath;C:\Windows\system32;C:\Windows;C:\Windows\System32\Wbem;C:\Windows\System32\WindowsPowerShell\v1.0\;C:\Program Files (x86)\Skype\Phone\;C:\Program Files\MATLAB\R2016a\runtime\win64;C:\Program Files\MATLAB\R2016a\bin;C:\Program Files\MATLAB\R2016a\polyspace\bin;C:\Geckodriver;C:\Program Files (x86)\Windows Kits\8.1\Windows Performance Toolkit\;C:\Program Files\nodejs\;C:\Program Files (x86)\NVIDIA Corporation\PhysX\Common;C:\Program Files\Python36\Scripts\;C:\Program Files\Python36\;C:\oraclexe\app\oracle\product\11.2.0\server\bin;C:\ProgramData\Oracle\Java\javapath;C:\Windows\system32;C:\Windows;C:\Windows\System32\Wbem;C:\Windows\System32\WindowsPowerShell\v1.0\;C:\Program Files (x86)\Skype\Phone\;C:\Program Files\MATLAB\R2016a\runtime\win64;C:\Program Files\MATLAB\R2016a\bin;C:\Program Files\MATLAB\R2016a\pol;C:\Program Files\JetBrains\PyCharm Edu 2018.3\bin;;C:\Program Files\JetBrains\PyCharm Community Edition 2018.3.2\bin;
USERNAME=Svarli
OS=Windows_NT
PROCESSOR_IDENTIFIER=Intel64 Family 6 Model 61 Stepping 4, GenuineIntel



---------------  S Y S T E M  ---------------

OS: Windows 7 , 64 bit Build 7601 (6.1.7601.18015)

CPU:total 4 (initial active 4) (2 cores per cpu, 2 threads per core) family 6 model 61 stepping 4, cmov, cx8, fxsr, mmx, sse, sse2, sse3, ssse3, sse4.1, sse4.2, popcnt, avx, avx2, aes, clmul, erms, 3dnowpref, lzcnt, ht, tsc, tscinvbit, bmi1, bmi2, adx

Memory: 4k page, physical 8296976k(1758492k free), swap 16592096k(7377600k free)

vm_info: Java HotSpot(TM) 64-Bit Server VM (25.151-b12) for windows-amd64 JRE (1.8.0_151-b12), built on Sep  5 2017 19:33:46 by "java_re" with MS VC++ 10.0 (VS2010)

time: Wed Feb 06 18:19:11 2019
elapsed time: 32 seconds (0d 0h 0m 32s)

